-------------------------------------------------------------------------------
Test set: com.mesaj.app.CucumberTest
-------------------------------------------------------------------------------
Tests run: 2, Failures: 1, Errors: 0, Skipped: 0, Time elapsed: 105.876 s <<< FAILURE! - in com.mesaj.app.CucumberTest
Costumer sign up failed(Costumer sign up)  Time elapsed: 24.51 s  <<< FAILURE!
org.junit.ComparisonFailure: expected:<[fals]e> but was:<[tru]e>

