<?xml version="1.0" encoding="UTF-8"?>
<testsuite xmlns:xsi="http://www.w3.org/2001/XMLSchema-instance" xsi:noNamespaceSchemaLocation="https://maven.apache.org/surefire/maven-surefire-plugin/xsd/surefire-test-report.xsd" name="com.mesaj.app.CucumberTest" time="22.545" tests="2" errors="0" skipped="0" failures="1">
  <properties>
[...]
</properties>
  <testcase name="Costumer sign up successfully" classname="Costumer sign up" time="12.543"/>
  <testcase name="Costumer sign up failed" classname="Costumer sign up" time="7.171">
    <failure message="expected:&lt;[fals]e&gt; but was:&lt;[tru]e&gt;" type="org.junit.ComparisonFailure"><![CDATA[org.junit.ComparisonFailure: expected:<[fals]e> but was:<[tru]e>
]]></failure>
    <system-out><![CDATA[2021-05-13 16:56:24.875  INFO 22880 --- [           main] o.s.t.c.support.AbstractContextLoader    : Could not detect default resource locations for test class [com.mesaj.app.until.CucumberSpringContextConfiguration]: no resource found for suffixes {-context.xml, Context.groovy}.
2021-05-13 16:56:24.879  INFO 22880 --- [           main] .b.t.c.SpringBootTestContextBootstrapper : Loaded default TestExecutionListener class names from location [META-INF/spring.factories]: [org.springframework.boot.test.mock.mockito.MockitoTestExecutionListener, org.springframework.boot.test.mock.mockito.ResetMocksTestExecutionListener, org.springframework.boot.test.autoconfigure.restdocs.RestDocsTestExecutionListener, org.springframework.boot.test.autoconfigure.web.client.MockRestServiceServerResetTestExecutionListener, org.springframework.boot.test.autoconfigure.web.servlet.MockMvcPrintOnlyOnFailureTestExecutionListener, org.springframework.boot.test.autoconfigure.web.servlet.WebDriverTestExecutionListener, org.springframework.test.context.web.ServletTestExecutionListener, org.springframework.test.context.support.DirtiesContextBeforeModesTestExecutionListener, org.springframework.test.context.support.DependencyInjectionTestExecutionListener, org.springframework.test.context.support.DirtiesContextTestExecutionListener, org.springframework.test.context.transaction.TransactionalTestExecutionListener, org.springframework.test.context.jdbc.SqlScriptsTestExecutionListener]
2021-05-13 16:56:24.881  INFO 22880 --- [           main] .b.t.c.SpringBootTestContextBootstrapper : Using TestExecutionListeners: [org.springframework.test.context.support.DirtiesContextBeforeModesTestExecutionListener@7e351d7, org.springframework.boot.test.mock.mockito.MockitoTestExecutionListener@43c57161, org.springframework.boot.test.autoconfigure.SpringBootDependencyInjectionTestExecutionListener@d902300, org.springframework.test.context.support.DirtiesContextTestExecutionListener@2db33feb, org.springframework.boot.test.mock.mockito.ResetMocksTestExecutionListener@30c3ae63, org.springframework.boot.test.autoconfigure.restdocs.RestDocsTestExecutionListener@58658f63, org.springframework.boot.test.autoconfigure.web.client.MockRestServiceServerResetTestExecutionListener@54e12f4c, org.springframework.boot.test.autoconfigure.web.servlet.MockMvcPrintOnlyOnFailureTestExecutionListener@60990e5c, org.springframework.boot.test.autoconfigure.web.servlet.WebDriverTestExecutionListener@4d84049a]

Scenario: Costumer sign up failed                         &amp#27;[90m# src/main/resources/features/signup.feature:8&amp#27;[0m
Context started
2021-05-13 16:56:24.893  INFO 22880 --- [           main] i.g.bonigarcia.wdm.WebDriverManager      : Using chromedriver 90.0.4430.24 (resolved driver for Chrome 90)
2021-05-13 16:56:24.900  INFO 22880 --- [           main] i.g.bonigarcia.wdm.WebDriverManager      : Exporting webdriver.chrome.driver as C:\Users\Hitss\.cache\selenium\chromedriver\win32\90.0.4430.24\chromedriver.exe
2021-05-13 16:56:26.676  INFO 22880 --- [ null to remote] o.o.selenium.remote.ProtocolHandshake    : Detected dialect: W3C
  &amp#27;[32mGiven &amp#27;[0m&amp#27;[32mJhon wants to have an account&amp#27;[0m                     &amp#27;[90m# com.mesaj.app.stepdefinitions.SignUpStepDefs.jhon_wants_to_have_an_account()&amp#27;[0m

    Embedding 425583b4-07a9-4e6c-bd86-3772612785a6 [image/png 47036 bytes]

  &amp#27;[32mWhen &amp#27;[0m&amp#27;[32mHe sends required information to get the account&amp#27;[0m   &amp#27;[90m# com.mesaj.app.stepdefinitions.SignUpStepDefs.he_sends_required_information_to_get_the_account()&amp#27;[0m

    Embedding 717f4572-f830-4dd8-a168-7d6a8e5a3358 [image/png 28461 bytes]

  &amp#27;[31mThen &amp#27;[0m&amp#27;[31mHe should be told that the account was not created&amp#27;[0m &amp#27;[90m# com.mesaj.app.stepdefinitions.SignUpStepDefs.he_should_be_told_that_the_account_was_not_created()&amp#27;[0m
      &amp#27;[31morg.junit.ComparisonFailure: expected:<[fals]e> but was:<[tru]e>
	at sun.reflect.NativeConstructorAccessorImpl.newInstance0(Native Method)
	at sun.reflect.NativeConstructorAccessorImpl.newInstance(NativeConstructorAccessorImpl.java:62)
	at sun.reflect.DelegatingConstructorAccessorImpl.newInstance(DelegatingConstructorAccessorImpl.java:45)
	at com.mesaj.app.stepdefinitions.SignUpStepDefs.he_should_be_told_that_the_account_was_not_created(SignUpStepDefs.java:43)
	at ?.He should be told that the account was not created(file:///C:/Users/Hitss/IdeaProjects/selenium-framework-poc/src/main/resources/features/signup.feature:11)
&amp#27;[0m

    Embedding 1e508ce3-9f7a-4ffb-98ae-3ca3c2484a77 [image/png 28461 bytes]


    Embedding 90eee277-b0b1-4219-9e4e-b67ad903d6f6 [image/png 28461 bytes]

]]></system-out>
    <system-err><![CDATA[Starting ChromeDriver 90.0.4430.24 (4c6d850f087da467d926e8eddb76550aed655991-refs/branch-heads/4430@{#429}) on port 35787
Only local connections are allowed.
Please see https://chromedriver.chromium.org/security-considerations for suggestions on keeping ChromeDriver safe.
ChromeDriver was started successfully.
]]></system-err>
  </testcase>
</testsuite>