<?xml version="1.0" encoding="UTF-8"?>
<testsuite xmlns:xsi="http://www.w3.org/2001/XMLSchema-instance" xsi:noNamespaceSchemaLocation="https://maven.apache.org/surefire/maven-surefire-plugin/xsd/surefire-test-report.xsd" name="com.mesaj.app.CucumberTest" time="105.876" tests="2" errors="0" skipped="0" failures="1">
  <properties>
[...]
</properties>
  <testcase name="Costumer sign up successfully" classname="Costumer sign up" time="74.429"/>
  <testcase name="Costumer sign up failed" classname="Costumer sign up" time="24.51">
    <failure message="expected:&lt;[fals]e&gt; but was:&lt;[tru]e&gt;" type="org.junit.ComparisonFailure"><![CDATA[org.junit.ComparisonFailure: expected:<[fals]e> but was:<[tru]e>
]]></failure>
    <system-out><![CDATA[2021-05-13 13:38:53.411  INFO 62776 --- [           main] o.s.t.c.support.AbstractContextLoader    : Could not detect default resource locations for test class [com.mesaj.app.until.CucumberSpringContextConfiguration]: no resource found for suffixes {-context.xml, Context.groovy}.
2021-05-13 13:38:53.417  INFO 62776 --- [           main] .b.t.c.SpringBootTestContextBootstrapper : Loaded default TestExecutionListener class names from location [META-INF/spring.factories]: [org.springframework.boot.test.mock.mockito.MockitoTestExecutionListener, org.springframework.boot.test.mock.mockito.ResetMocksTestExecutionListener, org.springframework.boot.test.autoconfigure.restdocs.RestDocsTestExecutionListener, org.springframework.boot.test.autoconfigure.web.client.MockRestServiceServerResetTestExecutionListener, org.springframework.boot.test.autoconfigure.web.servlet.MockMvcPrintOnlyOnFailureTestExecutionListener, org.springframework.boot.test.autoconfigure.web.servlet.WebDriverTestExecutionListener, org.springframework.test.context.web.ServletTestExecutionListener, org.springframework.test.context.support.DirtiesContextBeforeModesTestExecutionListener, org.springframework.test.context.support.DependencyInjectionTestExecutionListener, org.springframework.test.context.support.DirtiesContextTestExecutionListener, org.springframework.test.context.transaction.TransactionalTestExecutionListener, org.springframework.test.context.jdbc.SqlScriptsTestExecutionListener]
2021-05-13 13:38:53.419  INFO 62776 --- [           main] .b.t.c.SpringBootTestContextBootstrapper : Using TestExecutionListeners: [org.springframework.test.context.support.DirtiesContextBeforeModesTestExecutionListener@5de6cf3a, org.springframework.boot.test.mock.mockito.MockitoTestExecutionListener@4cc36c19, org.springframework.boot.test.autoconfigure.SpringBootDependencyInjectionTestExecutionListener@5a3a1bf9, org.springframework.test.context.support.DirtiesContextTestExecutionListener@2100d047, org.springframework.boot.test.mock.mockito.ResetMocksTestExecutionListener@4af45442, org.springframework.boot.test.autoconfigure.restdocs.RestDocsTestExecutionListener@1d805aa1, org.springframework.boot.test.autoconfigure.web.client.MockRestServiceServerResetTestExecutionListener@176f7f3b, org.springframework.boot.test.autoconfigure.web.servlet.MockMvcPrintOnlyOnFailureTestExecutionListener@30ca0779, org.springframework.boot.test.autoconfigure.web.servlet.WebDriverTestExecutionListener@58740366]

Scenario: Costumer sign up failed                         &amp#27;[90m# src/main/resources/features/signup.feature:8&amp#27;[0m
Context started
2021-05-13 13:39:06.944  INFO 62776 --- [ null to remote] o.o.selenium.remote.ProtocolHandshake    : Detected dialect: W3C
  &amp#27;[32mGiven &amp#27;[0m&amp#27;[32mJhon wants to have an account&amp#27;[0m                     &amp#27;[90m# com.mesaj.app.stepdefinitions.SignUpStepDefs.jhon_wants_to_have_an_account()&amp#27;[0m

    Embedding 4b46f2fb-a624-43ec-b462-dd48fe32b640 [image/png 74071 bytes]

  &amp#27;[32mWhen &amp#27;[0m&amp#27;[32mHe sends required information to get the account&amp#27;[0m   &amp#27;[90m# com.mesaj.app.stepdefinitions.SignUpStepDefs.he_sends_required_information_to_get_the_account()&amp#27;[0m

    Embedding 60d53366-4cad-4fdc-9418-7d1b8c34f397 [image/png 49694 bytes]

  &amp#27;[31mThen &amp#27;[0m&amp#27;[31mHe should be told that the account was not created&amp#27;[0m &amp#27;[90m# com.mesaj.app.stepdefinitions.SignUpStepDefs.he_should_be_told_that_the_account_was_not_created()&amp#27;[0m
      &amp#27;[31morg.junit.ComparisonFailure: expected:<[fals]e> but was:<[tru]e>
	at sun.reflect.NativeConstructorAccessorImpl.newInstance0(Native Method)
	at sun.reflect.NativeConstructorAccessorImpl.newInstance(NativeConstructorAccessorImpl.java:62)
	at sun.reflect.DelegatingConstructorAccessorImpl.newInstance(DelegatingConstructorAccessorImpl.java:45)
	at com.mesaj.app.stepdefinitions.SignUpStepDefs.he_should_be_told_that_the_account_was_not_created(SignUpStepDefs.java:45)
	at ?.He should be told that the account was not created(file:///C:/Users/Hitss/IdeaProjects/selenium-framework-poc/src/main/resources/features/signup.feature:11)
&amp#27;[0m

    Embedding 7a4c7ddb-2d3d-46ad-bd79-32fbfff74c85 [image/png 49694 bytes]


    Embedding 8e598bde-daaa-4ebb-895a-9af28b12d53a [image/png 49694 bytes]

]]></system-out>
    <system-err><![CDATA[1620931133475	geckodriver	INFO	Listening on 127.0.0.1:32814
1620931133987	mozrunner::runner	INFO	Running command: "C:\\Program Files\\Mozilla Firefox\\firefox.exe" "--marionette" "-foreground" "-no-remote" "-profile" "C:\\Users\\Hitss\\AppData\\Local\\Temp\\rust_mozprofileet4HHV"
1620931135392	Marionette	INFO	Marionette enabled
console.warn: SearchSettings: "get: No settings file exists, new profile?" (new Error("", "(unknown module)"))
console.error: Region.jsm: "Error fetching region" (new AbortError("The operation was aborted. ", (void 0), 770))
console.error: Region.jsm: "Failed to fetch region" (new Error("NO_RESULT", "resource://gre/modules/Region.jsm", 419))
1620931146884	Marionette	INFO	Listening on port 64141
1620931146926	Marionette	WARN	TLS certificate errors will be ignored for this session
]]></system-err>
  </testcase>
</testsuite>